<?xml version="1.0" encoding="UTF-8"?>
<testsuite xmlns:xsi="http://www.w3.org/2001/XMLSchema-instance" xsi:noNamespaceSchemaLocation="https://maven.apache.org/surefire/maven-surefire-plugin/xsd/surefire-test-report.xsd" version="3.0.2" name="runners.TestRunner" time="7.259" tests="3" errors="0" skipped="0" failures="3">
  <properties>
[...]
</properties>
  <testcase name="runScenario[&quot;User be able to view all the products&quot;, &quot;User should be able to view the product list and product details.&quot;](1)" classname="runners.TestRunner" time="2.74">
    <failure message="Cannot invoke &quot;pages.LoginPage.clickLoginBtn()&quot; because &quot;this.login&quot; is null" type="java.lang.NullPointerException"><![CDATA[java.lang.NullPointerException: Cannot invoke "pages.LoginPage.clickLoginBtn()" because "this.login" is null
	at stepDefinitions.LoginSteps.click_on_login_button(LoginSteps.java:37)
	at ✽.Click on Login Button(file:///C:/Users/pc/eclipse-workspace/SwagLabsBDD/src/test/resources/features/InventoryProductListing.feature:6)
]]></failure>
    <system-out><![CDATA[Driver launched: ChromeDriver: chrome on windows (7114a264d7a1e30dab70df6269602a91)
Driver closed.
]]></system-out>
    <system-err><![CDATA[[main] INFO io.github.bonigarcia.wdm.WebDriverManager - Using chromedriver 137.0.7151.55 (resolved driver for Chrome 137)
[main] INFO io.github.bonigarcia.wdm.WebDriverManager - Exporting webdriver.chrome.driver as C:\Users\pc\.cache\selenium\chromedriver\win64\137.0.7151.55\chromedriver.exe
]]></system-err>
  </testcase>
  <testcase name="runScenario[&quot;User should be able to open the product details by clicking image&quot;, &quot;User should be able to view the product list and product details.&quot;](2)" classname="runners.TestRunner" time="1.878">
    <failure message="Cannot invoke &quot;pages.LoginPage.clickLoginBtn()&quot; because &quot;this.login&quot; is null" type="java.lang.NullPointerException"><![CDATA[java.lang.NullPointerException: Cannot invoke "pages.LoginPage.clickLoginBtn()" because "this.login" is null
	at stepDefinitions.LoginSteps.click_on_login_button(LoginSteps.java:37)
	at ✽.Click on Login Button(file:///C:/Users/pc/eclipse-workspace/SwagLabsBDD/src/test/resources/features/InventoryProductListing.feature:6)
]]></failure>
    <system-out><![CDATA[Driver launched: ChromeDriver: chrome on windows (b469a002336c5a4d14f16d2b325e7d01)
Driver closed.
]]></system-out>
    <system-err><![CDATA[[main] INFO io.github.bonigarcia.wdm.WebDriverManager - Using chromedriver 137.0.7151.55 (resolved driver for Chrome 137)
[main] INFO io.github.bonigarcia.wdm.WebDriverManager - Exporting webdriver.chrome.driver as C:\Users\pc\.cache\selenium\chromedriver\win64\137.0.7151.55\chromedriver.exe
]]></system-err>
  </testcase>
  <testcase name="runScenario[&quot;User should be able to view product details by clicking the product title&quot;, &quot;User should be able to view the product list and product details.&quot;](3)" classname="runners.TestRunner" time="1.853">
    <failure message="Cannot invoke &quot;pages.LoginPage.clickLoginBtn()&quot; because &quot;this.login&quot; is null" type="java.lang.NullPointerException"><![CDATA[java.lang.NullPointerException: Cannot invoke "pages.LoginPage.clickLoginBtn()" because "this.login" is null
	at stepDefinitions.LoginSteps.click_on_login_button(LoginSteps.java:37)
	at ✽.Click on Login Button(file:///C:/Users/pc/eclipse-workspace/SwagLabsBDD/src/test/resources/features/InventoryProductListing.feature:6)
]]></failure>
    <system-out><![CDATA[Driver launched: ChromeDriver: chrome on windows (3ab3f7f21c6be4d91e825ae41ecc9e1b)
Driver closed.
]]></system-out>
    <system-err><![CDATA[[main] INFO io.github.bonigarcia.wdm.WebDriverManager - Using chromedriver 137.0.7151.55 (resolved driver for Chrome 137)
[main] INFO io.github.bonigarcia.wdm.WebDriverManager - Exporting webdriver.chrome.driver as C:\Users\pc\.cache\selenium\chromedriver\win64\137.0.7151.55\chromedriver.exe
]]></system-err>
  </testcase>
</testsuite>