<?xml version="1.0" encoding="UTF-8"?>
<testng-results ignored="0" total="5" passed="2" failed="3" skipped="0">
  <reporter-output>
  </reporter-output>
  <suite started-at="2025-05-30T17:34:39 IST" name="Default suite" finished-at="2025-05-30T17:34:50 IST" duration-ms="11322">
    <groups>
      <group name="cucumber">
        <method signature="AbstractTestNGCucumberTests.runScenario(io.cucumber.testng.PickleWrapper,io.cucumber.testng.FeatureWrapper)[pri:0, instance:runners.TestRunner@45b4c3a9]" name="runScenario" class="io.cucumber.testng.AbstractTestNGCucumberTests"/>
      </group> <!-- cucumber -->
    </groups>
    <test started-at="2025-05-30T17:34:39 IST" name="Default test" finished-at="2025-05-30T17:34:50 IST" duration-ms="11322">
      <class name="runners.TestRunner">
        <test-method is-config="true" signature="setUpClass(org.testng.ITestContext)[pri:0, instance:runners.TestRunner@45b4c3a9]" started-at="2025-05-30T17:34:39 IST" name="setUpClass" finished-at="2025-05-30T17:34:39 IST" duration-ms="207" status="PASS">
          <params>
            <param index="0">
              <value>
                <![CDATA[org.testng.TestRunner@77774571]]>
              </value>
            </param>
          </params>
          <reporter-output>
          </reporter-output>
        </test-method> <!-- setUpClass -->
        <test-method signature="runScenario(io.cucumber.testng.PickleWrapper,io.cucumber.testng.FeatureWrapper)[pri:0, instance:runners.TestRunner@45b4c3a9]" started-at="2025-05-30T17:34:39 IST" name="runScenario" description="Runs Cucumber Scenarios" data-provider="scenarios" finished-at="2025-05-30T17:34:42 IST" duration-ms="2761" status="FAIL">
          <params>
            <param index="0">
              <value>
                <![CDATA["User be able to view all the products"]]>
              </value>
            </param>
            <param index="1">
              <value>
                <![CDATA["User should be able to view the product list and product details."]]>
              </value>
            </param>
          </params>
          <exception class="java.lang.NullPointerException">
            <message>
              <![CDATA[Cannot invoke "pages.LoginPage.clickLoginBtn()" because "this.login" is null]]>
            </message>
            <full-stacktrace>
              <![CDATA[java.lang.NullPointerException: Cannot invoke "pages.LoginPage.clickLoginBtn()" because "this.login" is null
at stepDefinitions.LoginSteps.click_on_login_button(LoginSteps.java:37)
at ✽.Click on Login Button(file:///C:/Users/pc/eclipse-workspace/SwagLabsBDD/src/test/resources/features/InventoryProductListing.feature:6)
]]>
            </full-stacktrace>
          </exception> <!-- java.lang.NullPointerException -->
          <reporter-output>
          </reporter-output>
        </test-method> <!-- runScenario -->
        <test-method signature="runScenario(io.cucumber.testng.PickleWrapper,io.cucumber.testng.FeatureWrapper)[pri:0, instance:runners.TestRunner@45b4c3a9]" started-at="2025-05-30T17:34:42 IST" name="runScenario" description="Runs Cucumber Scenarios" data-provider="scenarios" finished-at="2025-05-30T17:34:44 IST" duration-ms="2018" status="FAIL">
          <params>
            <param index="0">
              <value>
                <![CDATA["User should be able to open the product details by clicking image"]]>
              </value>
            </param>
            <param index="1">
              <value>
                <![CDATA["User should be able to view the product list and product details."]]>
              </value>
            </param>
          </params>
          <exception class="java.lang.NullPointerException">
            <message>
              <![CDATA[Cannot invoke "pages.LoginPage.clickLoginBtn()" because "this.login" is null]]>
            </message>
            <full-stacktrace>
              <![CDATA[java.lang.NullPointerException: Cannot invoke "pages.LoginPage.clickLoginBtn()" because "this.login" is null
at stepDefinitions.LoginSteps.click_on_login_button(LoginSteps.java:37)
at ✽.Click on Login Button(file:///C:/Users/pc/eclipse-workspace/SwagLabsBDD/src/test/resources/features/InventoryProductListing.feature:6)
]]>
            </full-stacktrace>
          </exception> <!-- java.lang.NullPointerException -->
          <reporter-output>
          </reporter-output>
        </test-method> <!-- runScenario -->
        <test-method signature="runScenario(io.cucumber.testng.PickleWrapper,io.cucumber.testng.FeatureWrapper)[pri:0, instance:runners.TestRunner@45b4c3a9]" started-at="2025-05-30T17:34:44 IST" name="runScenario" description="Runs Cucumber Scenarios" data-provider="scenarios" finished-at="2025-05-30T17:34:46 IST" duration-ms="2115" status="FAIL">
          <params>
            <param index="0">
              <value>
                <![CDATA["User should be able to view product details by clicking the product title"]]>
              </value>
            </param>
            <param index="1">
              <value>
                <![CDATA["User should be able to view the product list and product details."]]>
              </value>
            </param>
          </params>
          <exception class="java.lang.NullPointerException">
            <message>
              <![CDATA[Cannot invoke "pages.LoginPage.clickLoginBtn()" because "this.login" is null]]>
            </message>
            <full-stacktrace>
              <![CDATA[java.lang.NullPointerException: Cannot invoke "pages.LoginPage.clickLoginBtn()" because "this.login" is null
at stepDefinitions.LoginSteps.click_on_login_button(LoginSteps.java:37)
at ✽.Click on Login Button(file:///C:/Users/pc/eclipse-workspace/SwagLabsBDD/src/test/resources/features/InventoryProductListing.feature:6)
]]>
            </full-stacktrace>
          </exception> <!-- java.lang.NullPointerException -->
          <reporter-output>
          </reporter-output>
        </test-method> <!-- runScenario -->
        <test-method signature="runScenario(io.cucumber.testng.PickleWrapper,io.cucumber.testng.FeatureWrapper)[pri:0, instance:runners.TestRunner@45b4c3a9]" started-at="2025-05-30T17:34:46 IST" name="runScenario" description="Runs Cucumber Scenarios" data-provider="scenarios" finished-at="2025-05-30T17:34:48 IST" duration-ms="2077" status="PASS">
          <params>
            <param index="0">
              <value>
                <![CDATA["User should be able to login to Swag Labs"]]>
              </value>
            </param>
            <param index="1">
              <value>
                <![CDATA["Successful login to Swag Labs"]]>
              </value>
            </param>
          </params>
          <reporter-output>
          </reporter-output>
        </test-method> <!-- runScenario -->
        <test-method signature="runScenario(io.cucumber.testng.PickleWrapper,io.cucumber.testng.FeatureWrapper)[pri:0, instance:runners.TestRunner@45b4c3a9]" started-at="2025-05-30T17:34:48 IST" name="runScenario" description="Runs Cucumber Scenarios" data-provider="scenarios" finished-at="2025-05-30T17:34:50 IST" duration-ms="2085" status="PASS">
          <params>
            <param index="0">
              <value>
                <![CDATA["Login should fail with invalid credentials"]]>
              </value>
            </param>
            <param index="1">
              <value>
                <![CDATA["Successful login to Swag Labs"]]>
              </value>
            </param>
          </params>
          <reporter-output>
          </reporter-output>
        </test-method> <!-- runScenario -->
        <test-method is-config="true" signature="tearDownClass()[pri:0, instance:runners.TestRunner@45b4c3a9]" started-at="2025-05-30T17:34:50 IST" name="tearDownClass" finished-at="2025-05-30T17:34:50 IST" duration-ms="3" status="PASS">
          <reporter-output>
          </reporter-output>
        </test-method> <!-- tearDownClass -->
      </class> <!-- runners.TestRunner -->
    </test> <!-- Default test -->
  </suite> <!-- Default suite -->
</testng-results>
